\BOOKMARK [0][-]{chapter.1}{\376\377\004\043\004\062\004\076\004\064}{}% 1
\BOOKMARK [1][-]{section.1.1}{\376\377\004\027\004\075\004\060\004\107\004\060\004\130\000\040\004\104\004\070\004\075\004\060\004\075\004\101\004\070\004\130\004\101\004\072\004\070\004\105\000\040\004\102\004\065\004\072\004\101\004\102\004\103\004\060\004\073\004\075\004\070\004\105\000\040\004\077\004\076\004\064\004\060\004\102\004\060\004\072\004\060}{chapter.1}% 2
\BOOKMARK [1][-]{section.1.2}{\376\377\004\035\004\033\004\037\000\040\004\070\000\040\004\062\004\065\004\073\004\070\004\072\004\070\000\040\004\130\004\065\004\067\004\070\004\107\004\072\004\070\000\040\004\074\004\076\004\064\004\065\004\073\004\070\000\040\004\074\004\065\004\132\004\060\004\130\004\103\000\040\004\060\004\075\004\060\004\073\004\070\004\067\004\103\000\040\004\104\004\070\004\075\004\060\004\075\004\101\004\070\004\130\004\060}{chapter.1}% 3
\BOOKMARK [1][-]{section.1.3}{\376\377\004\043\004\073\004\076\004\063\004\060\000\040\0001\0000\000-\000K\000\040\004\070\004\067\004\062\004\065\004\110\004\102\004\060\004\130\004\060\000\040\004\072\004\060\004\076\000\040\004\072\004\131\004\103\004\107\004\075\004\070\004\105\000\040\004\104\004\070\004\075\004\060\004\075\004\101\004\070\004\130\004\101\004\072\004\070\004\105\000\040\004\064\004\076\004\072\004\103\004\074\004\065\004\075\004\060\004\102\004\060}{chapter.1}% 4
\BOOKMARK [1][-]{section.1.4}{\376\377\004\046\004\070\004\131\000\040\004\100\004\060\004\064\004\060}{chapter.1}% 5
\BOOKMARK [0][-]{chapter.2}{\376\377\004\042\004\065\004\076\004\100\004\070\004\130\004\101\004\072\004\070\000\040\004\077\004\100\004\065\004\063\004\073\004\065\004\064}{}% 6
\BOOKMARK [1][-]{section.2.1}{\376\377\004\035\004\065\004\103\004\100\004\076\004\075\004\101\004\072\004\065\000\040\004\074\004\100\004\065\004\066\004\065}{chapter.2}% 7
\BOOKMARK [2][-]{subsection.2.1.1}{\376\377\004\035\004\065\004\103\004\100\004\076\004\075}{section.2.1}% 8
\BOOKMARK [2][-]{subsection.2.1.2}{\376\377\004\037\004\076\004\102\004\077\004\103\004\075\004\076\000\040\004\077\004\076\004\062\004\065\004\067\004\060\004\075\004\065\000\040\004\075\004\065\004\103\004\100\004\076\004\075\004\101\004\072\004\065\000\040\004\074\004\100\004\065\004\066\004\065}{section.2.1}% 9
\BOOKMARK [2][-]{subsection.2.1.3}{\376\377\004\041\004\076\004\104\004\102\004\074\004\060\004\072\004\101\000\040\000\050\000s\000o\000f\000t\000m\000a\000x\000\051}{section.2.1}% 10
\BOOKMARK [1][-]{section.2.2}{\376\377\004\020\004\100\004\105\004\070\004\102\004\065\004\072\004\102\004\103\004\100\004\060\000\040\004\102\004\100\004\060\004\075\004\101\004\104\004\076\004\100\004\074\004\065\004\100\004\060}{chapter.2}% 11
\BOOKMARK [2][-]{subsection.2.2.1}{\376\377\004\042\004\076\004\072\004\065\004\075\004\070\004\067\004\060\004\106\004\070\004\130\004\060}{section.2.2}% 12
\BOOKMARK [2][-]{subsection.2.2.2}{\376\377\004\022\004\065\004\072\004\102\004\076\004\100\004\101\004\072\004\060\000\040\004\100\004\065\004\077\004\100\004\065\004\067\004\065\004\075\004\102\004\060\004\106\004\070\004\130\004\060\000\040\004\102\004\076\004\072\004\065\004\075\004\060}{section.2.2}% 13
\BOOKMARK [2][-]{subsection.2.2.3}{\376\377\004\034\004\065\004\105\004\060\004\075\004\070\004\067\004\060\004\074\000\040\004\077\004\060\004\066\004\132\004\065}{section.2.2}% 14
\BOOKMARK [2][-]{subsection.2.2.4}{\376\377\004\041\004\072\004\060\004\073\004\070\004\100\004\060\004\075\004\060\000\040\004\077\004\060\004\066\004\132\004\060\000\040\004\067\004\060\004\101\004\075\004\076\004\062\004\060\004\075\004\060\000\040\004\075\004\060\000\040\004\101\004\072\004\060\004\073\004\060\004\100\004\075\004\076\004\074\000\040\004\077\004\100\004\076\004\070\004\067\004\062\004\076\004\064\004\103}{section.2.2}% 15
\BOOKMARK [2][-]{subsection.2.2.5}{\376\377\004\034\004\065\004\105\004\060\004\075\004\070\004\067\004\060\004\074\000\040\004\077\004\060\004\066\004\132\004\065\000\040\004\101\004\060\000\040\004\062\004\070\004\110\004\065\000\040\004\063\004\073\004\060\004\062\004\060}{section.2.2}% 16
\BOOKMARK [2][-]{subsection.2.2.6}{\376\377\004\042\004\100\004\060\004\075\004\101\004\104\004\076\004\100\004\074\004\065\004\100}{section.2.2}% 17
\BOOKMARK [1][-]{section.2.3}{\376\377\004\020\004\100\004\105\004\070\004\102\004\065\004\072\004\102\004\103\004\100\004\060\000\040\004\062\004\065\004\073\004\070\004\072\004\076\004\063\000\040\004\130\004\065\004\067\004\070\004\107\004\072\004\076\004\063\000\040\004\074\004\076\004\064\004\065\004\073\004\060}{chapter.2}% 18
\BOOKMARK [2][-]{subsection.2.3.1}{\376\377\004\022\004\100\004\101\004\102\004\065\000\040\004\062\004\065\004\073\004\070\004\072\004\070\004\105\000\040\004\130\004\065\004\067\004\070\004\107\004\072\004\070\004\105\000\040\004\074\004\076\004\064\004\065\004\073\004\060}{section.2.3}% 19
\BOOKMARK [2][-]{subsection.2.3.2}{\376\377\004\036\004\063\004\100\004\060\004\075\004\070\004\107\004\065\004\132\004\060\000\040\004\062\004\065\004\073\004\070\004\072\004\070\004\105\000\040\004\130\004\065\004\067\004\070\004\107\004\072\004\070\004\105\000\040\004\074\004\076\004\064\004\065\004\073\004\060}{section.2.3}% 20
\BOOKMARK [1][-]{section.2.4}{\376\377\004\032\004\076\004\075\004\102\004\065\004\072\004\101\004\102\000\040\004\103\000\040\004\062\004\065\004\073\004\070\004\072\004\070\004\074\000\040\004\130\004\065\004\067\004\070\004\107\004\072\004\070\004\074\000\040\004\074\004\076\004\064\004\065\004\073\004\070\004\074\004\060}{chapter.2}% 21
\BOOKMARK [2][-]{subsection.2.4.1}{\376\377\004\034\004\060\004\075\004\070\004\077\004\103\004\073\004\070\004\101\004\060\004\132\004\065\000\040\004\072\004\076\004\075\004\102\004\065\004\072\004\101\004\102\004\076\004\074\000\040\004\077\004\103\004\102\004\065\004\074\000\040\004\070\004\067\004\063\004\100\004\060\004\064\004\132\004\065\000\040\004\103\004\077\004\070\004\102\004\060}{section.2.4}% 22
\BOOKMARK [2][-]{subsection.2.4.2}{\376\377\004\023\004\065\004\075\004\065\004\100\004\070\004\101\004\060\004\132\004\065\000\040\004\101\004\060\000\040\004\064\004\076\004\077\004\103\004\075\004\101\004\072\004\070\004\074\000\040\004\077\004\100\004\065\004\103\004\067\004\070\004\074\004\060\004\132\004\065\004\074}{section.2.4}% 23
\BOOKMARK [0][-]{chapter.3}{\376\377\004\037\004\076\004\064\004\060\004\106\004\070}{}% 24
\BOOKMARK [1][-]{section.3.1}{\376\377\004\037\004\100\004\065\004\063\004\073\004\065\004\064\000\040\004\061\004\060\004\067\004\065\000\040\004\077\004\076\004\064\004\060\004\102\004\060\004\072\004\060\000\040\000E\000D\000G\000A\000R}{chapter.3}% 25
\BOOKMARK [2][-]{subsection.3.1.1}{\376\377\004\035\004\060\004\130\004\107\004\065\004\110\004\133\004\065\000\040\004\062\004\100\004\101\004\102\004\065\000\040\004\070\004\067\004\062\004\065\004\110\004\102\004\060\004\130\004\060\000\040\004\064\004\076\004\101\004\102\004\103\004\077\004\075\004\070\004\105\000\040\004\075\004\060\000\040\000E\000D\000G\000A\000R\000-\004\103}{section.3.1}% 26
\BOOKMARK [1][-]{section.3.2}{\376\377\004\037\004\100\004\065\004\063\004\073\004\065\004\064\000\040\004\104\004\076\004\100\004\074\004\065\000\040\004\063\004\076\004\064\004\070\004\110\004\132\004\065\004\063\000\040\004\070\004\067\004\062\004\065\004\110\004\102\004\060\004\130\004\060\000\040\0001\0000\000-\000K}{chapter.3}% 27
\BOOKMARK [2][-]{subsection.3.2.1}{\376\377\004\041\004\060\004\064\004\100\004\066\004\060\004\130\000\040\004\070\000\040\004\101\004\102\004\100\004\103\004\072\004\102\004\103\004\100\004\060\000\040\004\070\004\067\004\062\004\065\004\110\004\102\004\060\004\130\004\060\000\040\004\044\004\076\004\100\004\074\004\060\000\040\0001\0000\000-\000K}{section.3.2}% 28
\BOOKMARK [1][-]{section.3.3}{\376\377\004\041\004\072\004\103\004\077\000\040\004\077\004\076\004\064\004\060\004\102\004\060\004\072\004\060\000\040\004\067\004\060\000\040\004\102\004\065\004\101\004\102\004\070\004\100\004\060\004\132\004\065\000\040\000-\000\040\000F\000i\000n\000a\000n\000c\000e\000B\000e\000n\000c\000h}{chapter.3}% 29
\BOOKMARK [2][-]{subsection.3.3.1}{\376\377\004\042\004\070\004\077\004\076\004\062\004\070\000\040\004\077\004\070\004\102\004\060\004\132\004\060\000\040\004\070\000\040\004\072\004\076\004\074\004\077\004\076\004\067\004\070\004\106\004\070\004\130\004\060}{section.3.3}% 30
\BOOKMARK [0][-]{chapter.4}{\376\377\004\037\004\100\004\065\004\063\004\073\004\065\004\064\000\040\004\060\004\073\004\060\004\102\004\060}{}% 31
\BOOKMARK [1][-]{section.4.1}{\376\377\004\036\004\101\004\075\004\076\004\062\004\075\004\070\000\040\004\074\004\076\004\064\004\065\004\073}{chapter.4}% 32
\BOOKMARK [1][-]{section.4.2}{\376\377\004\037\004\100\004\065\004\063\004\073\004\065\004\064\000\040\004\060\004\073\004\060\004\102\004\060\000\040\004\067\004\060\000\040\004\076\004\072\004\065\004\102\004\100\004\060\004\106\004\070\004\130\004\103\000\040\004\070\000\040\004\076\004\061\004\100\004\060\004\064\004\103\000\040\004\103\004\077\004\070\004\102\004\060}{chapter.4}% 33
\BOOKMARK [2][-]{subsection.4.2.1}{\376\377\004\037\004\100\004\065\004\063\004\073\004\065\004\064\000\040\000L\000a\000n\000g\000C\000h\000a\000i\000n\000\040\004\061\004\070\004\061\004\073\004\070\004\076\004\102\004\065\004\072\004\065}{section.4.2}% 34
\BOOKMARK [1][-]{section.4.3}{\376\377\000P\000y\000t\000h\000o\000n\000\040\000E\000D\000G\000A\000R\000\040\004\061\004\070\004\061\004\073\004\070\004\076\004\102\004\065\004\072\004\065\000\040\004\067\004\060\000\040\004\076\004\061\004\100\004\060\004\064\004\103\000\040\0001\0000\000-\000K\000\040\004\070\004\067\004\062\004\065\004\110\004\102\004\060\004\130\004\060}{chapter.4}% 35
\BOOKMARK [1][-]{section.4.4}{\376\377\004\024\004\070\004\067\004\060\004\130\004\075\000\040\004\104\004\070\004\075\004\060\004\075\004\101\004\070\004\130\004\101\004\072\004\076\004\063\000\040\004\060\004\063\004\065\004\075\004\102\004\060}{chapter.4}% 36
\BOOKMARK [2][-]{subsection.4.4.1}{\376\377\004\032\004\131\004\103\004\107\004\075\004\065\000\040\004\104\004\103\004\075\004\072\004\106\004\070\004\076\004\075\004\060\004\073\004\075\004\076\004\101\004\102\004\070\000\040\004\060\004\063\004\065\004\075\004\102\004\060}{section.4.4}% 37
\BOOKMARK [2][-]{subsection.4.4.2}{\376\377\004\037\004\076\004\064\004\100\004\110\004\072\004\060\000\040\004\067\004\060\000\040\004\074\004\065\004\074\004\076\004\100\004\070\004\130\004\103}{section.4.4}% 38
\BOOKMARK [2][-]{subsection.4.4.3}{\376\377\004\037\004\100\004\070\004\101\004\102\004\103\004\077\000\040\004\100\004\065\004\067\004\076\004\075\004\076\004\062\004\060\004\132\004\103\000\040\004\060\004\063\004\065\004\075\004\102\004\060\000:\000\040\004\077\004\073\004\060\004\075\004\101\004\072\004\076\000-\004\070\004\067\004\062\004\100\004\110\004\075\004\070\000\040\004\075\004\060\004\101\004\077\004\100\004\060\004\074\000\040\004\100\004\065\004\060\004\072\004\102\004\070\004\062\004\075\004\076\004\063}{section.4.4}% 39
\BOOKMARK [0][-]{chapter.5}{\376\377\004\020\004\063\004\065\004\075\004\102\004\070}{}% 40
\BOOKMARK [1][-]{section.5.1}{\376\377\000F\000i\000n\000A\000s\000k\000\040\004\060\004\063\004\065\004\075\004\102}{chapter.5}% 41
\BOOKMARK [2][-]{subsection.5.1.1}{\376\377\004\032\004\131\004\103\004\107\004\075\004\065\000\040\004\104\004\103\004\075\004\072\004\106\004\070\004\076\004\075\004\060\004\073\004\075\004\076\004\101\004\102\004\070\000\040\004\060\004\063\004\065\004\075\004\102\004\060}{section.5.1}% 42
\BOOKMARK [2][-]{subsection.5.1.2}{\376\377\004\037\004\076\004\064\004\100\004\110\004\072\004\060\000\040\004\067\004\060\000\040\004\074\004\065\004\074\004\076\004\100\004\070\004\130\004\103}{section.5.1}% 43
\BOOKMARK [1][-]{section.5.2}{\376\377\004\020\004\063\004\065\004\075\004\102\000\040\004\101\004\103\004\064\004\070\004\130\004\060}{chapter.5}% 44
\BOOKMARK [2][-]{subsection.5.2.1}{\376\377\004\043\004\075\004\103\004\102\004\100\004\060\004\110\004\132\004\070\000\040\004\074\004\065\004\105\004\060\004\075\004\070\004\067\004\060\004\074\000\040\000L\000L\000M\000-\004\101\004\103\004\064\004\070\004\130\004\065\000\040\004\067\004\060\000\040\004\104\004\070\004\075\004\060\004\075\004\101\004\070\004\130\004\101\004\072\004\060\000\040\004\077\004\070\004\102\004\060\004\132\004\060}{section.5.2}% 45
\BOOKMARK [0][-]{chapter.6}{\376\377\004\040\004\065\004\067\004\103\004\073\004\102\004\060\004\102\004\070}{}% 46
\BOOKMARK [1][-]{section.6.1}{\376\377\004\020\004\075\004\060\004\073\004\070\004\067\004\060\000\040\004\072\004\100\004\070\004\102\004\065\004\100\004\070\004\130\004\103\004\074\004\060\000\040\004\065\004\062\004\060\004\073\004\103\004\060\004\106\004\070\004\130\004\065\000\040\000-\000\040\004\076\004\101\004\075\004\076\004\062\004\075\004\070\000\040\004\074\004\076\004\064\004\065\004\073}{chapter.6}% 47
\BOOKMARK [1][-]{section.6.2}{\376\377\004\020\004\075\004\060\004\073\004\070\004\067\004\060\000\040\004\072\004\100\004\070\004\102\004\065\004\100\004\070\004\130\004\103\004\074\004\060\000\040\004\065\004\062\004\060\004\073\004\103\004\060\004\106\004\070\004\130\004\065\000\040\000-\000\040\000F\000i\000n\000A\000s\000k\000\040\004\074\004\076\004\064\004\065\004\073}{chapter.6}% 48
\BOOKMARK [1][-]{section.6.3}{\376\377\004\037\004\076\004\100\004\065\004\122\004\065\004\132\004\065\000\040\004\100\004\065\004\067\004\103\004\073\004\102\004\060\004\102\004\060}{chapter.6}% 49
\BOOKMARK [0][-]{chapter.7}{\376\377\004\027\004\060\004\072\004\131\004\103\004\107\004\060\004\072}{}% 50
